@storybook/cli v7.0.21

info => Cleaning outputDir: C:\Users\carlun\AppData\Local\Temp\chromatic--13044-BEV6kISu113Q
info => Loading presets
info => Building manager..
info => Manager built (382 ms)
info => Copying static files: C:\Projects\Lokala projekt\storybookexempel\learnstorybook-design-system\node_modules\@storybook\manager\static at C:\Users\carlun\AppData\Local\Temp\chromatic--13044-BEV6kISu113Q\sb-common-assets
[36mvite v4.3.9 [32mbuilding for production...[36m[39m

./sb-common-assets/fonts.css doesn't exist at build time, it will remain unchanged to be resolved at runtime
transforming...
node_modules/telejson/dist/index.mjs (1394:15) Use of eval in "node_modules/telejson/dist/index.mjs" is strongly discouraged as it poses security risks and may cause issues with minification.
node_modules/telejson/dist/index.mjs (1397:18) Use of eval in "node_modules/telejson/dist/index.mjs" is strongly discouraged as it poses security risks and may cause issues with minification.
[32m✓[39m 1412 modules transformed.
rendering chunks...
computing gzip size...
[2m../../../../Users/carlun/AppData/Local/Temp/chromatic--13044-BEV6kISu113Q/[22m[32massets/youtube-9f26eb0b.svg                                                 [39m[1m[2m  0.72 kB[22m[1m[22m[2m │ gzip:   0.36 kB[22m
[2m../../../../Users/carlun/AppData/Local/Temp/chromatic--13044-BEV6kISu113Q/[22m[32massets/tutorials-adff6365.svg                                               [39m[1m[2m  1.27 kB[22m[1m[22m[2m │ gzip:   0.63 kB[22m
[2m../../../../Users/carlun/AppData/Local/Temp/chromatic--13044-BEV6kISu113Q/[22m[32massets/discord-f7d1b78c.svg                                                 [39m[1m[2m  2.41 kB[22m[1m[22m[2m │ gzip:   1.15 kB[22m
[2m../../../../Users/carlun/AppData/Local/Temp/chromatic--13044-BEV6kISu113Q/[22m[32massets/github-cdfc3270.svg                                                  [39m[1m[2m  2.72 kB[22m[1m[22m[2m │ gzip:   1.28 kB[22m
[2m../../../../Users/carlun/AppData/Local/Temp/chromatic--13044-BEV6kISu113Q/[22m[32massets/context-c612d889.png                                                 [39m[1m[2m  6.12 kB[22m[1m[22m
[2m../../../../Users/carlun/AppData/Local/Temp/chromatic--13044-BEV6kISu113Q/[22m[32massets/styling-c83082e0.png                                                 [39m[1m[2m  7.24 kB[22m[1m[22m
[2m../../../../Users/carlun/AppData/Local/Temp/chromatic--13044-BEV6kISu113Q/[22m[32miframe.html                                                                 [39m[1m[2m 12.75 kB[22m[1m[22m[2m │ gzip:   3.57 kB[22m
[2m../../../../Users/carlun/AppData/Local/Temp/chromatic--13044-BEV6kISu113Q/[22m[32massets/docs-5b0c7100.png                                                    [39m[1m[2m 27.88 kB[22m[1m[22m
[2m../../../../Users/carlun/AppData/Local/Temp/chromatic--13044-BEV6kISu113Q/[22m[32massets/share-b59d6c77.png                                                   [39m[1m[2m 40.77 kB[22m[1m[22m
[2m../../../../Users/carlun/AppData/Local/Temp/chromatic--13044-BEV6kISu113Q/[22m[32massets/accessibility-cd6d60f7.png                                           [39m[1m[2m 42.34 kB[22m[1m[22m
[2m../../../../Users/carlun/AppData/Local/Temp/chromatic--13044-BEV6kISu113Q/[22m[32massets/figma-plugin-b0a5ad2d.png                                            [39m[1m[2m 44.25 kB[22m[1m[22m
[2m../../../../Users/carlun/AppData/Local/Temp/chromatic--13044-BEV6kISu113Q/[22m[32massets/theming-b6e819c3.png                                                 [39m[1m[2m 44.37 kB[22m[1m[22m
[2m../../../../Users/carlun/AppData/Local/Temp/chromatic--13044-BEV6kISu113Q/[22m[32massets/testing-6a59f681.png                                                 [39m[1m[2m 49.31 kB[22m[1m[22m
[2m../../../../Users/carlun/AppData/Local/Temp/chromatic--13044-BEV6kISu113Q/[22m[32massets/addon-library-bc7ba705.png                                           [39m[1m[2m467.37 kB[22m[1m[22m
[2m../../../../Users/carlun/AppData/Local/Temp/chromatic--13044-BEV6kISu113Q/[22m[35massets/Header-a6911580.css                                                  [39m[1m[2m  0.51 kB[22m[1m[22m[2m │ gzip:   0.31 kB[22m
[2m../../../../Users/carlun/AppData/Local/Temp/chromatic--13044-BEV6kISu113Q/[22m[35massets/Button-bc1a867b.css                                                  [39m[1m[2m  0.52 kB[22m[1m[22m[2m │ gzip:   0.29 kB[22m
[2m../../../../Users/carlun/AppData/Local/Temp/chromatic--13044-BEV6kISu113Q/[22m[35massets/Page.stories-ece1482a.css                                            [39m[1m[2m  0.93 kB[22m[1m[22m[2m │ gzip:   0.39 kB[22m
[2m../../../../Users/carlun/AppData/Local/Temp/chromatic--13044-BEV6kISu113Q/[22m[36massets/preview-1e5c59db.js                                                  [39m[1m[2m  0.19 kB[22m[1m[22m[2m │ gzip:   0.19 kB[22m[2m │ map:     0.71 kB[22m
[2m../../../../Users/carlun/AppData/Local/Temp/chromatic--13044-BEV6kISu113Q/[22m[36massets/index-d475d2ea.js                                                    [39m[1m[2m  0.21 kB[22m[1m[22m[2m │ gzip:   0.17 kB[22m[2m │ map:     0.86 kB[22m
[2m../../../../Users/carlun/AppData/Local/Temp/chromatic--13044-BEV6kISu113Q/[22m[36massets/index-186b3228.js                                                    [39m[1m[2m  0.25 kB[22m[1m[22m[2m │ gzip:   0.20 kB[22m[2m │ map:     0.10 kB[22m
[2m../../../../Users/carlun/AppData/Local/Temp/chromatic--13044-BEV6kISu113Q/[22m[36massets/emotion-use-insertion-effect-with-fallbacks.browser.esm-29d231ba.js  [39m[1m[2m  0.27 kB[22m[1m[22m[2m │ gzip:   0.23 kB[22m[2m │ map:     1.18 kB[22m
[2m../../../../Users/carlun/AppData/Local/Temp/chromatic--13044-BEV6kISu113Q/[22m[36massets/extends-34e645d9.js                                                  [39m[1m[2m  0.41 kB[22m[1m[22m[2m │ gzip:   0.30 kB[22m[2m │ map:     1.02 kB[22m
[2m../../../../Users/carlun/AppData/Local/Temp/chromatic--13044-BEV6kISu113Q/[22m[36massets/index-1d576ef5.js                                                    [39m[1m[2m  0.53 kB[22m[1m[22m[2m │ gzip:   0.34 kB[22m[2m │ map:     4.31 kB[22m
[2m../../../../Users/carlun/AppData/Local/Temp/chromatic--13044-BEV6kISu113Q/[22m[36massets/react-18-3c0d50f5.js                                                 [39m[1m[2m  0.59 kB[22m[1m[22m[2m │ gzip:   0.38 kB[22m[2m │ map:     2.69 kB[22m
[2m../../../../Users/carlun/AppData/Local/Temp/chromatic--13044-BEV6kISu113Q/[22m[36massets/WithTooltip-FBT32F6Q-5a9a0e3e.js                                     [39m[1m[2m  0.63 kB[22m[1m[22m[2m │ gzip:   0.35 kB[22m[2m │ map:     0.11 kB[22m
[2m../../../../Users/carlun/AppData/Local/Temp/chromatic--13044-BEV6kISu113Q/[22m[36massets/preview-2e3527f6.js                                                  [39m[1m[2m  0.63 kB[22m[1m[22m[2m │ gzip:   0.40 kB[22m[2m │ map:     2.35 kB[22m
[2m../../../../Users/carlun/AppData/Local/Temp/chromatic--13044-BEV6kISu113Q/[22m[36massets/syntaxhighlighter-QTQ2UBB4-85588713.js                               [39m[1m[2m  0.64 kB[22m[1m[22m[2m │ gzip:   0.38 kB[22m[2m │ map:     0.12 kB[22m
[2m../../../../Users/carlun/AppData/Local/Temp/chromatic--13044-BEV6kISu113Q/[22m[36massets/preview-5ef354f3.js                                                  [39m[1m[2m  0.69 kB[22m[1m[22m[2m │ gzip:   0.49 kB[22m[2m │ map:     3.98 kB[22m
[2m../../../../Users/carlun/AppData/Local/Temp/chromatic--13044-BEV6kISu113Q/[22m[36massets/preview-fe6d8411.js                                                  [39m[1m[2m  0.72 kB[22m[1m[22m[2m │ gzip:   0.44 kB[22m[2m │ map:     0.59 kB[22m
[2m../../../../Users/carlun/AppData/Local/Temp/chromatic--13044-BEV6kISu113Q/[22m[36massets/_commonjsHelpers-042e6b4d.js                                         [39m[1m[2m  0.78 kB[22m[1m[22m[2m │ gzip:   0.44 kB[22m[2m │ map:     0.11 kB[22m
[2m../../../../Users/carlun/AppData/Local/Temp/chromatic--13044-BEV6kISu113Q/[22m[36massets/index-356e4a49.js                                                    [39m[1m[2m  0.81 kB[22m[1m[22m[2m │ gzip:   0.51 kB[22m[2m │ map:     3.29 kB[22m
[2m../../../../Users/carlun/AppData/Local/Temp/chromatic--13044-BEV6kISu113Q/[22m[36massets/index-1fc0ca9a.js                                                    [39m[1m[2m  0.84 kB[22m[1m[22m[2m │ gzip:   0.55 kB[22m[2m │ map:     4.19 kB[22m
[2m../../../../Users/carlun/AppData/Local/Temp/chromatic--13044-BEV6kISu113Q/[22m[36massets/preview-b1164a2e.js                                                  [39m[1m[2m  0.88 kB[22m[1m[22m[2m │ gzip:   0.58 kB[22m[2m │ map:     2.95 kB[22m
[2m../../../../Users/carlun/AppData/Local/Temp/chromatic--13044-BEV6kISu113Q/[22m[36massets/jsx-runtime-91a467a5.js                                              [39m[1m[2m  1.02 kB[22m[1m[22m[2m │ gzip:   0.64 kB[22m[2m │ map:     2.37 kB[22m
[2m../../../../Users/carlun/AppData/Local/Temp/chromatic--13044-BEV6kISu113Q/[22m[36massets/Header.stories-4393a65a.js                                           [39m[1m[2m  1.06 kB[22m[1m[22m[2m │ gzip:   0.55 kB[22m[2m │ map:     0.11 kB[22m
[2m../../../../Users/carlun/AppData/Local/Temp/chromatic--13044-BEV6kISu113Q/[22m[36massets/StoryLinkWrapper-0153cee0.js                                         [39m[1m[2m  1.11 kB[22m[1m[22m[2m │ gzip:   0.52 kB[22m[2m │ map:     2.04 kB[22m
[2m../../../../Users/carlun/AppData/Local/Temp/chromatic--13044-BEV6kISu113Q/[22m[36massets/uniq-4dce63e4.js                                                     [39m[1m[2m  1.20 kB[22m[1m[22m[2m │ gzip:   0.69 kB[22m[2m │ map:    11.27 kB[22m
[2m../../../../Users/carlun/AppData/Local/Temp/chromatic--13044-BEV6kISu113Q/[22m[36massets/animation-0c9d5656.js                                                [39m[1m[2m  1.24 kB[22m[1m[22m[2m │ gzip:   0.43 kB[22m[2m │ map:     2.32 kB[22m
[2m../../../../Users/carlun/AppData/Local/Temp/chromatic--13044-BEV6kISu113Q/[22m[36massets/styles-8b650735.js                                                   [39m[1m[2m  1.31 kB[22m[1m[22m[2m │ gzip:   0.80 kB[22m[2m │ map:    18.73 kB[22m
[2m../../../../Users/carlun/AppData/Local/Temp/chromatic--13044-BEV6kISu113Q/[22m[36massets/DocsRenderer-EYKKDMVH-07afcdb3.js                                    [39m[1m[2m  1.47 kB[22m[1m[22m[2m │ gzip:   0.79 kB[22m[2m │ map:     2.58 kB[22m
[2m../../../../Users/carlun/AppData/Local/Temp/chromatic--13044-BEV6kISu113Q/[22m[36massets/Button-2d2b73e9.js                                                   [39m[1m[2m  1.51 kB[22m[1m[22m[2m │ gzip:   0.71 kB[22m[2m │ map:     2.05 kB[22m
[2m../../../../Users/carlun/AppData/Local/Temp/chromatic--13044-BEV6kISu113Q/[22m[36massets/Intro-fd01a2b8.js                                                    [39m[1m[2m  1.61 kB[22m[1m[22m[2m │ gzip:   0.78 kB[22m[2m │ map:     1.64 kB[22m
[2m../../../../Users/carlun/AppData/Local/Temp/chromatic--13044-BEV6kISu113Q/[22m[36massets/Button.stories-bd19da01.js                                           [39m[1m[2m  1.68 kB[22m[1m[22m[2m │ gzip:   0.66 kB[22m[2m │ map:     0.13 kB[22m
[2m../../../../Users/carlun/AppData/Local/Temp/chromatic--13044-BEV6kISu113Q/[22m[36massets/Header-6072f838.js                                                   [39m[1m[2m  1.73 kB[22m[1m[22m[2m │ gzip:   0.85 kB[22m[2m │ map:     3.18 kB[22m
[2m../../../../Users/carlun/AppData/Local/Temp/chromatic--13044-BEV6kISu113Q/[22m[36massets/chunk-OPEUWD42-a3b45fd8.js                                           [39m[1m[2m  1.88 kB[22m[1m[22m[2m │ gzip:   1.03 kB[22m[2m │ map:     9.17 kB[22m
[2m../../../../Users/carlun/AppData/Local/Temp/chromatic--13044-BEV6kISu113Q/[22m[36massets/Avatar-d62406e2.js                                                   [39m[1m[2m  2.55 kB[22m[1m[22m[2m │ gzip:   1.17 kB[22m[2m │ map:     3.93 kB[22m
[2m../../../../Users/carlun/AppData/Local/Temp/chromatic--13044-BEV6kISu113Q/[22m[36massets/index-d37d4223.js                                                    [39m[1m[2m  2.63 kB[22m[1m[22m[2m │ gzip:   1.30 kB[22m[2m │ map:     7.50 kB[22m
[2m../../../../Users/carlun/AppData/Local/Temp/chromatic--13044-BEV6kISu113Q/[22m[36massets/preview-770cc08b.js                                                  [39m[1m[2m  3.22 kB[22m[1m[22m[2m │ gzip:   1.39 kB[22m[2m │ map:    10.10 kB[22m
[2m../../../../Users/carlun/AppData/Local/Temp/chromatic--13044-BEV6kISu113Q/[22m[36massets/Icon.stories-17fdd432.js                                             [39m[1m[2m  3.29 kB[22m[1m[22m[2m │ gzip:   1.30 kB[22m[2m │ map:     0.14 kB[22m
[2m../../../../Users/carlun/AppData/Local/Temp/chromatic--13044-BEV6kISu113Q/[22m[36massets/Page.stories-bd80687a.js                                             [39m[1m[2m  3.46 kB[22m[1m[22m[2m │ gzip:   1.61 kB[22m[2m │ map:     4.03 kB[22m
[2m../../../../Users/carlun/AppData/Local/Temp/chromatic--13044-BEV6kISu113Q/[22m[36massets/Badge.stories-9dccc128.js                                            [39m[1m[2m  4.92 kB[22m[1m[22m[2m │ gzip:   1.62 kB[22m[2m │ map:     2.88 kB[22m
[2m../../../../Users/carlun/AppData/Local/Temp/chromatic--13044-BEV6kISu113Q/[22m[36massets/index-8db94870.js                                                    [39m[1m[2m  7.21 kB[22m[1m[22m[2m │ gzip:   2.95 kB[22m[2m │ map:    15.76 kB[22m
[2m../../../../Users/carlun/AppData/Local/Temp/chromatic--13044-BEV6kISu113Q/[22m[36massets/Link.stories-7d336d6e.js                                             [39m[1m[2m  7.35 kB[22m[1m[22m[2m │ gzip:   2.32 kB[22m[2m │ map:     7.19 kB[22m
[2m../../../../Users/carlun/AppData/Local/Temp/chromatic--13044-BEV6kISu113Q/[22m[36massets/Avatar.stories-baf0fc42.js                                           [39m[1m[2m  7.58 kB[22m[1m[22m[2m │ gzip:   2.46 kB[22m[2m │ map:     6.25 kB[22m
[2m../../../../Users/carlun/AppData/Local/Temp/chromatic--13044-BEV6kISu113Q/[22m[36massets/preview-d8c963a4.js                                                  [39m[1m[2m  7.67 kB[22m[1m[22m[2m │ gzip:   1.60 kB[22m[2m │ map:    13.76 kB[22m
[2m../../../../Users/carlun/AppData/Local/Temp/chromatic--13044-BEV6kISu113Q/[22m[36massets/preview-2cd4e1a1.js                                                  [39m[1m[2m  8.00 kB[22m[1m[22m[2m │ gzip:   3.04 kB[22m[2m │ map:    28.17 kB[22m
[2m../../../../Users/carlun/AppData/Local/Temp/chromatic--13044-BEV6kISu113Q/[22m[36massets/iframe-03ef8732.js                                                   [39m[1m[2m  9.46 kB[22m[1m[22m[2m │ gzip:   2.25 kB[22m[2m │ map:     6.99 kB[22m
[2m../../../../Users/carlun/AppData/Local/Temp/chromatic--13044-BEV6kISu113Q/[22m[36massets/index-3639c647.js                                                    [39m[1m[2m 10.06 kB[22m[1m[22m[2m │ gzip:   3.66 kB[22m[2m │ map:    26.64 kB[22m
[2m../../../../Users/carlun/AppData/Local/Temp/chromatic--13044-BEV6kISu113Q/[22m[36massets/GlobalScrollAreaStyles-XIHNDKUY-19f077e1.js                          [39m[1m[2m 10.61 kB[22m[1m[22m[2m │ gzip:   2.44 kB[22m[2m │ map:    15.76 kB[22m
[2m../../../../Users/carlun/AppData/Local/Temp/chromatic--13044-BEV6kISu113Q/[22m[36massets/polished.esm-2f0368bb.js                                             [39m[1m[2m 10.73 kB[22m[1m[22m[2m │ gzip:   3.85 kB[22m[2m │ map:   149.53 kB[22m
[2m../../../../Users/carlun/AppData/Local/Temp/chromatic--13044-BEV6kISu113Q/[22m[36massets/preview-bc596eab.js                                                  [39m[1m[2m 11.13 kB[22m[1m[22m[2m │ gzip:   3.76 kB[22m[2m │ map:    41.86 kB[22m
[2m../../../../Users/carlun/AppData/Local/Temp/chromatic--13044-BEV6kISu113Q/[22m[36massets/_baseIsEqual-62e1ad13.js                                             [39m[1m[2m 13.34 kB[22m[1m[22m[2m │ gzip:   5.44 kB[22m[2m │ map:   101.20 kB[22m
[2m../../../../Users/carlun/AppData/Local/Temp/chromatic--13044-BEV6kISu113Q/[22m[36massets/index-890dd1b5.js                                                    [39m[1m[2m 13.55 kB[22m[1m[22m[2m │ gzip:   5.09 kB[22m[2m │ map:    53.22 kB[22m
[2m../../../../Users/carlun/AppData/Local/Temp/chromatic--13044-BEV6kISu113Q/[22m[36massets/Configure-75d76acf.js                                                [39m[1m[2m 17.21 kB[22m[1m[22m[2m │ gzip:   7.82 kB[22m[2m │ map:    27.03 kB[22m
[2m../../../../Users/carlun/AppData/Local/Temp/chromatic--13044-BEV6kISu113Q/[22m[36massets/emotion-react-jsx-runtime.browser.esm-192784af.js                    [39m[1m[2m 17.55 kB[22m[1m[22m[2m │ gzip:   7.09 kB[22m[2m │ map:   107.67 kB[22m
[2m../../../../Users/carlun/AppData/Local/Temp/chromatic--13044-BEV6kISu113Q/[22m[36massets/Color-3YIJY6X7-6bf115b0.js                                           [39m[1m[2m 17.79 kB[22m[1m[22m[2m │ gzip:   6.84 kB[22m[2m │ map:    59.79 kB[22m
[2m../../../../Users/carlun/AppData/Local/Temp/chromatic--13044-BEV6kISu113Q/[22m[36massets/OverlayScrollbars-VAV6LJAB-0ab2ba01.js                               [39m[1m[2m 59.18 kB[22m[1m[22m[2m │ gzip:  25.39 kB[22m[2m │ map:   277.39 kB[22m
[2m../../../../Users/carlun/AppData/Local/Temp/chromatic--13044-BEV6kISu113Q/[22m[36massets/Icon-0eeabc17.js                                                     [39m[1m[2m140.21 kB[22m[1m[22m[2m │ gzip:  51.45 kB[22m[2m │ map:   155.73 kB[22m
[2m../../../../Users/carlun/AppData/Local/Temp/chromatic--13044-BEV6kISu113Q/[22m[36massets/index-d2f11229.js                                                    [39m[1m[2m199.33 kB[22m[1m[22m[2m │ gzip:  61.42 kB[22m[2m │ map:   553.75 kB[22m
[2m../../../../Users/carlun/AppData/Local/Temp/chromatic--13044-BEV6kISu113Q/[22m[36massets/config-5ae34be5.js                                                   [39m[1m[2m213.32 kB[22m[1m[22m[2m │ gzip:  66.30 kB[22m[2m │ map:   801.98 kB[22m
[2m../../../../Users/carlun/AppData/Local/Temp/chromatic--13044-BEV6kISu113Q/[22m[36massets/index-c1d907a0.js                                                    [39m[1m[2m229.77 kB[22m[1m[22m[2m │ gzip:  50.90 kB[22m[2m │ map:   809.33 kB[22m
[2m../../../../Users/carlun/AppData/Local/Temp/chromatic--13044-BEV6kISu113Q/[22m[36massets/Button.stories-9000a5ce.js                                           [39m[1m[2m397.96 kB[22m[1m[22m[2m │ gzip: 122.39 kB[22m[2m │ map:   941.65 kB[22m
[2m../../../../Users/carlun/AppData/Local/Temp/chromatic--13044-BEV6kISu113Q/[22m[36massets/index-48223096.js                                                    [39m[1m[2m491.95 kB[22m[1m[22m[2m │ gzip: 161.73 kB[22m[2m │ map: 1,278.67 kB[22m
[2m../../../../Users/carlun/AppData/Local/Temp/chromatic--13044-BEV6kISu113Q/[22m[36massets/formatter-S4K5WUZV-4cb7e77f.js                                       [39m[1m[33m601.82 kB[39m[22m[2m │ gzip: 185.14 kB[22m[2m │ map: 1,314.31 kB[22m
[33m
(!) Some chunks are larger than 500 kBs after minification. Consider:
- Using dynamic import() to code-split the application
- Use build.rollupOptions.output.manualChunks to improve chunking: https://rollupjs.org/configuration-options/#output-manualchunks
- Adjust chunk size limit for this warning via build.chunkSizeWarningLimit.[39m
[32m✓ built in 8.60s[39m
info => Output directory: C:\Users\carlun\AppData\Local\Temp\chromatic--13044-BEV6kISu113Q
